-------------------------------------------------------------------------------
Test set: se.kth.IV1350.pos.controller.ControllerTest
-------------------------------------------------------------------------------
Tests run: 6, Failures: 1, Errors: 0, Skipped: 0, Time elapsed: 0.184 s <<< FAILURE! - in se.kth.IV1350.pos.controller.ControllerTest
testItemNotFoundException  Time elapsed: 0.029 s  <<< FAILURE!
org.opentest4j.AssertionFailedError: Got exception.
	at se.kth.IV1350.pos.controller.ControllerTest.testItemNotFoundException(ControllerTest.java:94)

